<?xml version="1.0" encoding="UTF-8"?>
<robot generator="Robot 4.0.3 (Python 3.9.6 on win32)" generated="20210716 19:23:31.409" rpa="false" schemaversion="2">
<suite id="s1" name="TC12 GoogleMapAPI" source="C:\Users\sachin\PycharmProjects\Rest API\API_Automation\TC12_GoogleMapAPI.robot">
<test id="s1-t1" name="google_map_palce_api">
<kw name="Create Session" library="RequestsLibrary">
<arg>mysession</arg>
<arg>${base_url}</arg>
<doc>Create Session: create a HTTP session to a server</doc>
<msg timestamp="20210716 19:23:31.675" level="INFO">Creating Session using : alias=mysession, url=https://maps.googleapis.com, headers={},                     cookies={}, auth=None, timeout=None, proxies=None, verify=False,                     debug=0 </msg>
<status status="PASS" starttime="20210716 19:23:31.675" endtime="20210716 19:23:31.675"/>
</kw>
<kw name="Create Dictionary" library="BuiltIn">
<var>${params}</var>
<arg>location=-33.8670522,151.1957362</arg>
<arg>radius=500</arg>
<arg>types=food</arg>
<arg>name=harbour</arg>
<arg>key=AIzaSyAmzQx2jnpe4S6f2JjuElEjLHM4CunuoBU</arg>
<doc>Creates and returns a dictionary based on the given ``items``.</doc>
<msg timestamp="20210716 19:23:31.675" level="INFO">${params} = {'location': '-33.8670522,151.1957362', 'radius': '500', 'types': 'food', 'name': 'harbour', 'key': 'AIzaSyAmzQx2jnpe4S6f2JjuElEjLHM4CunuoBU'}</msg>
<status status="PASS" starttime="20210716 19:23:31.675" endtime="20210716 19:23:31.675"/>
</kw>
<kw name="Get Request" library="RequestsLibrary">
<var>${responce}</var>
<arg>mysession</arg>
<arg>${req_uri}</arg>
<arg>params=${params}</arg>
<doc>*DEPRECATED* Please use `GET On Session` instead.</doc>
<msg timestamp="20210716 19:23:31.675" level="WARN">Keyword 'RequestsLibrary.Get Request' is deprecated. Please use `GET On Session` instead.</msg>
<msg timestamp="20210716 19:23:32.409" level="INFO">GET Request : url=https://maps.googleapis.com/maps/api/place/nearbysearch/xml?location=-33.8670522%2C151.1957362&amp;radius=500&amp;types=food&amp;name=harbour&amp;key=AIzaSyAmzQx2jnpe4S6f2JjuElEjLHM4CunuoBU 
 path_url=/maps/api/place/nearbysearch/xml?location=-33.8670522%2C151.1957362&amp;radius=500&amp;types=food&amp;name=harbour&amp;key=AIzaSyAmzQx2jnpe4S6f2JjuElEjLHM4CunuoBU 
 headers={'User-Agent': 'python-requests/2.25.1', 'Accept-Encoding': 'gzip, deflate', 'Accept': '*/*', 'Connection': 'keep-alive'} 
 body=None 
 </msg>
<msg timestamp="20210716 19:23:32.409" level="INFO">GET Response : url=https://maps.googleapis.com/maps/api/place/nearbysearch/xml?location=-33.8670522%2C151.1957362&amp;radius=500&amp;types=food&amp;name=harbour&amp;key=AIzaSyAmzQx2jnpe4S6f2JjuElEjLHM4CunuoBU 
 status=200, reason=OK 
 headers={'Content-Type': 'application/xml; charset=UTF-8', 'Date': 'Fri, 16 Jul 2021 13:53:32 GMT', 'Pragma': 'no-cache', 'Expires': 'Fri, 01 Jan 1990 00:00:00 GMT', 'Cache-Control': 'no-cache, must-revalidate', 'Vary': 'Accept-Language', 'Content-Encoding': 'gzip', 'Server': 'scaffolding on HTTPServer2', 'X-XSS-Protection': '0', 'X-Frame-Options': 'SAMEORIGIN', 'Server-Timing': 'gfet4t7; dur=10', 'Alt-Svc': 'h3=":443"; ma=2592000,h3-29=":443"; ma=2592000,h3-T051=":443"; ma=2592000,h3-Q050=":443"; ma=2592000,h3-Q046=":443"; ma=2592000,h3-Q043=":443"; ma=2592000,quic=":443"; ma=2592000; v="46,43"', 'Transfer-Encoding': 'chunked'} 
 body=&lt;?xml version="1.0" encoding="UTF-8"?&gt;
&lt;PlaceSearchResponse&gt;
 &lt;status&gt;REQUEST_DENIED&lt;/status&gt;
 &lt;error_message&gt;This API project is not authorized to use this API.&lt;/error_message&gt;
&lt;/PlaceSearchResponse&gt;
 
 </msg>
<msg timestamp="20210716 19:23:32.409" level="INFO">C:\Users\sachin\AppData\Roaming\Python\Python39\site-packages\urllib3\connectionpool.py:1013: InsecureRequestWarning: Unverified HTTPS request is being made to host 'maps.googleapis.com'. Adding certificate verification is strongly advised. See: https://urllib3.readthedocs.io/en/1.26.x/advanced-usage.html#ssl-warnings
  warnings.warn(</msg>
<msg timestamp="20210716 19:23:32.409" level="INFO">${responce} = &lt;Response [200]&gt;</msg>
<status status="PASS" starttime="20210716 19:23:31.675" endtime="20210716 19:23:32.409"/>
</kw>
<kw name="Log To Console" library="BuiltIn">
<arg>${responce.status_code}</arg>
<doc>Logs the given message to the console.</doc>
<status status="PASS" starttime="20210716 19:23:32.409" endtime="20210716 19:23:32.409"/>
</kw>
<kw name="Log To Console" library="BuiltIn">
<arg>${responce.content}</arg>
<doc>Logs the given message to the console.</doc>
<status status="PASS" starttime="20210716 19:23:32.409" endtime="20210716 19:23:32.409"/>
</kw>
<status status="PASS" starttime="20210716 19:23:31.675" endtime="20210716 19:23:32.409"/>
</test>
<status status="PASS" starttime="20210716 19:23:31.409" endtime="20210716 19:23:32.425"/>
</suite>
<statistics>
<total>
<stat pass="1" fail="0" skip="0">All Tests</stat>
</total>
<tag>
</tag>
<suite>
<stat pass="1" fail="0" skip="0" id="s1" name="TC12 GoogleMapAPI">TC12 GoogleMapAPI</stat>
</suite>
</statistics>
<errors>
<msg timestamp="20210716 19:23:31.675" level="WARN">Keyword 'RequestsLibrary.Get Request' is deprecated. Please use `GET On Session` instead.</msg>
</errors>
</robot>
